Sat Jan 14 00:03:17 CST 2017 : Apache Derby Network Server - 10.11.1.2 - (1629631) started and ready to accept connections on port 1527
----------------------------------------------------------------
Sat Jan 14 00:03:21 CST 2017:
Booting Derby version The Apache Software Foundation - Apache Derby - 10.11.1.2 - (1629631): instance a816c00e-0159-9891-9caf-fffffa028b47 
on database directory D:\Ozamiz\projects\final\fromGIT\final-ims001\dbims001 with class loader sun.misc.Launcher$AppClassLoader@5e2de80c 
Loaded from file:/C:/Program%20Files/Java/jdk1.8.0_73/db/lib/derby.jar
java.vendor=Oracle Corporation
java.runtime.version=1.8.0_73-b02
user.dir=C:\Program Files\Java\jdk1.8.0_73\db
os.name=Windows 10
os.arch=amd64
os.version=10.0
derby.system.home=D:\Ozamiz\projects\final\fromGIT\final-ims001
------------  Begin Error Message -------------

System may be in a inconsistent state, missing file D:\Ozamiz\projects\final\fromGIT\final-ims001\dbims001\log\log1.dat
------------  End Error Message -------------

Database Class Loader started - derby.database.classpath=''
Sat Jan 14 00:03:27 CST 2017 Thread[DRDAConnThread_3,5,main] (XID = 21), (SESSIONID = 3), (DATABASE = D:/Ozamiz/projects/final/fromGIT/final-ims001/dbims001), (DRDAID = ????????.????-941250837797026109{2}), Cleanup action starting
Sat Jan 14 00:03:27 CST 2017 Thread[DRDAConnThread_3,5,main] (XID = 21), (SESSIONID = 3), (DATABASE = D:/Ozamiz/projects/final/fromGIT/final-ims001/dbims001), (DRDAID = ????????.????-941250837797026109{2}), Failed Statement is: CREATE TABLE ORDERS (ID VARCHAR(25) PRIMARY KEY,SUPPLIER VARCHAR(25) REFERENCES SUPPLIERS(CODE),TOTAL_AMOUNT DOUBLE,STATUS VARCHAR(25) DEFAULT 'PENDING',DATEADDED TIMESTAMP DEFAULT CURRENT_TIMESTAMP)
java.lang.NullPointerException
	at java.io.StringReader.<init>(StringReader.java:50)
	at org.apache.derby.impl.services.uuid.BasicUUID.<init>(Unknown Source)
	at org.apache.derby.impl.services.uuid.BasicUUIDFactory.recreateUUID(Unknown Source)
	at org.apache.derby.impl.sql.catalog.SYSTABLESRowFactory.buildDescriptorBody(Unknown Source)
	at org.apache.derby.impl.sql.catalog.SYSTABLESRowFactory.buildDescriptor(Unknown Source)
	at org.apache.derby.impl.sql.catalog.DataDictionaryImpl.getDescriptorViaIndexMinion(Unknown Source)
	at org.apache.derby.impl.sql.catalog.DataDictionaryImpl.getDescriptorViaIndex(Unknown Source)
	at org.apache.derby.impl.sql.catalog.DataDictionaryImpl.getTableDescriptorIndex1Scan(Unknown Source)
	at org.apache.derby.impl.sql.catalog.DataDictionaryImpl.getUncachedTableDescriptor(Unknown Source)
	at org.apache.derby.impl.sql.catalog.NameTDCacheable.setIdentity(Unknown Source)
	at org.apache.derby.impl.services.cache.ConcurrentCache.find(Unknown Source)
	at org.apache.derby.impl.sql.catalog.DataDictionaryImpl.getTableDescriptor(Unknown Source)
	at org.apache.derby.impl.sql.compile.QueryTreeNode.getTableDescriptor(Unknown Source)
	at org.apache.derby.impl.sql.compile.FKConstraintDefinitionNode.bind(Unknown Source)
	at org.apache.derby.impl.sql.compile.TableElementList.validate(Unknown Source)
	at org.apache.derby.impl.sql.compile.CreateTableNode.bindStatement(Unknown Source)
	at org.apache.derby.impl.sql.GenericStatement.prepMinion(Unknown Source)
	at org.apache.derby.impl.sql.GenericStatement.prepare(Unknown Source)
	at org.apache.derby.impl.sql.conn.GenericLanguageConnectionContext.prepareInternalStatement(Unknown Source)
	at org.apache.derby.impl.jdbc.EmbedStatement.execute(Unknown Source)
	at org.apache.derby.impl.jdbc.EmbedStatement.executeLargeUpdate(Unknown Source)
	at org.apache.derby.impl.drda.DRDAConnThread.parseEXCSQLIMM(Unknown Source)
	at org.apache.derby.impl.drda.DRDAConnThread.processCommands(Unknown Source)
	at org.apache.derby.impl.drda.DRDAConnThread.run(Unknown Source)
Cleanup action completed
Sat Jan 14 00:04:06 CST 2017 Thread[DRDAConnThread_3,5,main] (XID = 28), (SESSIONID = 5), (DATABASE = D:/Ozamiz/projects/final/fromGIT/final-ims001/dbims001), (DRDAID = ????????.????-4255337213588250701{3}), Cleanup action starting
Sat Jan 14 00:04:06 CST 2017 Thread[DRDAConnThread_3,5,main] (XID = 28), (SESSIONID = 5), (DATABASE = D:/Ozamiz/projects/final/fromGIT/final-ims001/dbims001), (DRDAID = ????????.????-4255337213588250701{3}), Failed Statement is: CREATE TABLE ORDERS (ID VARCHAR(25) PRIMARY KEY,SUPPLIER VARCHAR(25) REFERENCES SUPPLIERS(CODE),TOTAL_AMOUNT DOUBLE,STATUS VARCHAR(25) DEFAULT 'PENDING',DATEADDED TIMESTAMP DEFAULT CURRENT_TIMESTAMP)
java.lang.NullPointerException
	at java.io.StringReader.<init>(StringReader.java:50)
	at org.apache.derby.impl.services.uuid.BasicUUID.<init>(Unknown Source)
	at org.apache.derby.impl.services.uuid.BasicUUIDFactory.recreateUUID(Unknown Source)
	at org.apache.derby.impl.sql.catalog.SYSTABLESRowFactory.buildDescriptorBody(Unknown Source)
	at org.apache.derby.impl.sql.catalog.SYSTABLESRowFactory.buildDescriptor(Unknown Source)
	at org.apache.derby.impl.sql.catalog.DataDictionaryImpl.getDescriptorViaIndexMinion(Unknown Source)
	at org.apache.derby.impl.sql.catalog.DataDictionaryImpl.getDescriptorViaIndex(Unknown Source)
	at org.apache.derby.impl.sql.catalog.DataDictionaryImpl.getTableDescriptorIndex1Scan(Unknown Source)
	at org.apache.derby.impl.sql.catalog.DataDictionaryImpl.getUncachedTableDescriptor(Unknown Source)
	at org.apache.derby.impl.sql.catalog.NameTDCacheable.setIdentity(Unknown Source)
	at org.apache.derby.impl.services.cache.ConcurrentCache.find(Unknown Source)
	at org.apache.derby.impl.sql.catalog.DataDictionaryImpl.getTableDescriptor(Unknown Source)
	at org.apache.derby.impl.sql.compile.QueryTreeNode.getTableDescriptor(Unknown Source)
	at org.apache.derby.impl.sql.compile.FKConstraintDefinitionNode.bind(Unknown Source)
	at org.apache.derby.impl.sql.compile.TableElementList.validate(Unknown Source)
	at org.apache.derby.impl.sql.compile.CreateTableNode.bindStatement(Unknown Source)
	at org.apache.derby.impl.sql.GenericStatement.prepMinion(Unknown Source)
	at org.apache.derby.impl.sql.GenericStatement.prepare(Unknown Source)
	at org.apache.derby.impl.sql.conn.GenericLanguageConnectionContext.prepareInternalStatement(Unknown Source)
	at org.apache.derby.impl.jdbc.EmbedStatement.execute(Unknown Source)
	at org.apache.derby.impl.jdbc.EmbedStatement.executeLargeUpdate(Unknown Source)
	at org.apache.derby.impl.drda.DRDAConnThread.parseEXCSQLIMM(Unknown Source)
	at org.apache.derby.impl.drda.DRDAConnThread.processCommands(Unknown Source)
	at org.apache.derby.impl.drda.DRDAConnThread.run(Unknown Source)
Cleanup action completed
Sat Jan 14 00:04:56 CST 2017 Thread[DRDAConnThread_3,5,main] (XID = 31), (SESSIONID = 7), (DATABASE = D:/Ozamiz/projects/final/fromGIT/final-ims001/dbims001), (DRDAID = ????????.????-4397482076827082045{4}), Cleanup action starting
Sat Jan 14 00:04:56 CST 2017 Thread[DRDAConnThread_3,5,main] (XID = 31), (SESSIONID = 7), (DATABASE = D:/Ozamiz/projects/final/fromGIT/final-ims001/dbims001), (DRDAID = ????????.????-4397482076827082045{4}), Failed Statement is: CREATE TABLE ORDERS (ID VARCHAR(25) PRIMARY KEY,SUPPLIER VARCHAR(25) REFERENCES SUPPLIERS(CODE),TOTAL_AMOUNT DOUBLE,STATUS VARCHAR(25) DEFAULT 'PENDING',DATEADDED TIMESTAMP DEFAULT CURRENT_TIMESTAMP)
java.lang.NullPointerException
	at java.io.StringReader.<init>(StringReader.java:50)
	at org.apache.derby.impl.services.uuid.BasicUUID.<init>(Unknown Source)
	at org.apache.derby.impl.services.uuid.BasicUUIDFactory.recreateUUID(Unknown Source)
	at org.apache.derby.impl.sql.catalog.SYSTABLESRowFactory.buildDescriptorBody(Unknown Source)
	at org.apache.derby.impl.sql.catalog.SYSTABLESRowFactory.buildDescriptor(Unknown Source)
	at org.apache.derby.impl.sql.catalog.DataDictionaryImpl.getDescriptorViaIndexMinion(Unknown Source)
	at org.apache.derby.impl.sql.catalog.DataDictionaryImpl.getDescriptorViaIndex(Unknown Source)
	at org.apache.derby.impl.sql.catalog.DataDictionaryImpl.getTableDescriptorIndex1Scan(Unknown Source)
	at org.apache.derby.impl.sql.catalog.DataDictionaryImpl.getUncachedTableDescriptor(Unknown Source)
	at org.apache.derby.impl.sql.catalog.NameTDCacheable.setIdentity(Unknown Source)
	at org.apache.derby.impl.services.cache.ConcurrentCache.find(Unknown Source)
	at org.apache.derby.impl.sql.catalog.DataDictionaryImpl.getTableDescriptor(Unknown Source)
	at org.apache.derby.impl.sql.compile.QueryTreeNode.getTableDescriptor(Unknown Source)
	at org.apache.derby.impl.sql.compile.FKConstraintDefinitionNode.bind(Unknown Source)
	at org.apache.derby.impl.sql.compile.TableElementList.validate(Unknown Source)
	at org.apache.derby.impl.sql.compile.CreateTableNode.bindStatement(Unknown Source)
	at org.apache.derby.impl.sql.GenericStatement.prepMinion(Unknown Source)
	at org.apache.derby.impl.sql.GenericStatement.prepare(Unknown Source)
	at org.apache.derby.impl.sql.conn.GenericLanguageConnectionContext.prepareInternalStatement(Unknown Source)
	at org.apache.derby.impl.jdbc.EmbedStatement.execute(Unknown Source)
	at org.apache.derby.impl.jdbc.EmbedStatement.executeLargeUpdate(Unknown Source)
	at org.apache.derby.impl.drda.DRDAConnThread.parseEXCSQLIMM(Unknown Source)
	at org.apache.derby.impl.drda.DRDAConnThread.processCommands(Unknown Source)
	at org.apache.derby.impl.drda.DRDAConnThread.run(Unknown Source)
Cleanup action completed
Sat Jan 14 00:05:26 CST 2017 Thread[DRDAConnThread_3,5,main] (XID = 34), (SESSIONID = 9), (DATABASE = D:/Ozamiz/projects/final/fromGIT/final-ims001/dbims001), (DRDAID = ????????.????-795165324884076606{5}), Cleanup action starting
Sat Jan 14 00:05:26 CST 2017 Thread[DRDAConnThread_3,5,main] (XID = 34), (SESSIONID = 9), (DATABASE = D:/Ozamiz/projects/final/fromGIT/final-ims001/dbims001), (DRDAID = ????????.????-795165324884076606{5}), Failed Statement is: CREATE TABLE ORDERS (ID VARCHAR(25) PRIMARY KEY,SUPPLIER VARCHAR(25) REFERENCES SUPPLIERS(CODE),TOTAL_AMOUNT DOUBLE,STATUS VARCHAR(25) DEFAULT 'PENDING',DATEADDED TIMESTAMP DEFAULT CURRENT_TIMESTAMP)
java.lang.NullPointerException
	at java.io.StringReader.<init>(StringReader.java:50)
	at org.apache.derby.impl.services.uuid.BasicUUID.<init>(Unknown Source)
	at org.apache.derby.impl.services.uuid.BasicUUIDFactory.recreateUUID(Unknown Source)
	at org.apache.derby.impl.sql.catalog.SYSTABLESRowFactory.buildDescriptorBody(Unknown Source)
	at org.apache.derby.impl.sql.catalog.SYSTABLESRowFactory.buildDescriptor(Unknown Source)
	at org.apache.derby.impl.sql.catalog.DataDictionaryImpl.getDescriptorViaIndexMinion(Unknown Source)
	at org.apache.derby.impl.sql.catalog.DataDictionaryImpl.getDescriptorViaIndex(Unknown Source)
	at org.apache.derby.impl.sql.catalog.DataDictionaryImpl.getTableDescriptorIndex1Scan(Unknown Source)
	at org.apache.derby.impl.sql.catalog.DataDictionaryImpl.getUncachedTableDescriptor(Unknown Source)
	at org.apache.derby.impl.sql.catalog.NameTDCacheable.setIdentity(Unknown Source)
	at org.apache.derby.impl.services.cache.ConcurrentCache.find(Unknown Source)
	at org.apache.derby.impl.sql.catalog.DataDictionaryImpl.getTableDescriptor(Unknown Source)
	at org.apache.derby.impl.sql.compile.QueryTreeNode.getTableDescriptor(Unknown Source)
	at org.apache.derby.impl.sql.compile.FKConstraintDefinitionNode.bind(Unknown Source)
	at org.apache.derby.impl.sql.compile.TableElementList.validate(Unknown Source)
	at org.apache.derby.impl.sql.compile.CreateTableNode.bindStatement(Unknown Source)
	at org.apache.derby.impl.sql.GenericStatement.prepMinion(Unknown Source)
	at org.apache.derby.impl.sql.GenericStatement.prepare(Unknown Source)
	at org.apache.derby.impl.sql.conn.GenericLanguageConnectionContext.prepareInternalStatement(Unknown Source)
	at org.apache.derby.impl.jdbc.EmbedStatement.execute(Unknown Source)
	at org.apache.derby.impl.jdbc.EmbedStatement.executeLargeUpdate(Unknown Source)
	at org.apache.derby.impl.drda.DRDAConnThread.parseEXCSQLIMM(Unknown Source)
	at org.apache.derby.impl.drda.DRDAConnThread.processCommands(Unknown Source)
	at org.apache.derby.impl.drda.DRDAConnThread.run(Unknown Source)
Cleanup action completed
Sat Jan 14 00:07:07 CST 2017 Thread[DRDAConnThread_3,5,main] (XID = 37), (SESSIONID = 11), (DATABASE = D:/Ozamiz/projects/final/fromGIT/final-ims001/dbims001), (DRDAID = ????????.????-1085366025872661847{6}), Cleanup action starting
Sat Jan 14 00:07:07 CST 2017 Thread[DRDAConnThread_3,5,main] (XID = 37), (SESSIONID = 11), (DATABASE = D:/Ozamiz/projects/final/fromGIT/final-ims001/dbims001), (DRDAID = ????????.????-1085366025872661847{6}), Failed Statement is: CREATE TABLE ORDERS (ID VARCHAR(25) PRIMARY KEY,SUPPLIER VARCHAR(25) REFERENCES SUPPLIERS(CODE),TOTAL_AMOUNT DOUBLE,STATUS VARCHAR(25) DEFAULT 'PENDING',DATEADDED TIMESTAMP DEFAULT CURRENT_TIMESTAMP)
java.lang.NullPointerException
	at java.io.StringReader.<init>(StringReader.java:50)
	at org.apache.derby.impl.services.uuid.BasicUUID.<init>(Unknown Source)
	at org.apache.derby.impl.services.uuid.BasicUUIDFactory.recreateUUID(Unknown Source)
	at org.apache.derby.impl.sql.catalog.SYSTABLESRowFactory.buildDescriptorBody(Unknown Source)
	at org.apache.derby.impl.sql.catalog.SYSTABLESRowFactory.buildDescriptor(Unknown Source)
	at org.apache.derby.impl.sql.catalog.DataDictionaryImpl.getDescriptorViaIndexMinion(Unknown Source)
	at org.apache.derby.impl.sql.catalog.DataDictionaryImpl.getDescriptorViaIndex(Unknown Source)
	at org.apache.derby.impl.sql.catalog.DataDictionaryImpl.getTableDescriptorIndex1Scan(Unknown Source)
	at org.apache.derby.impl.sql.catalog.DataDictionaryImpl.getUncachedTableDescriptor(Unknown Source)
	at org.apache.derby.impl.sql.catalog.NameTDCacheable.setIdentity(Unknown Source)
	at org.apache.derby.impl.services.cache.ConcurrentCache.find(Unknown Source)
	at org.apache.derby.impl.sql.catalog.DataDictionaryImpl.getTableDescriptor(Unknown Source)
	at org.apache.derby.impl.sql.compile.QueryTreeNode.getTableDescriptor(Unknown Source)
	at org.apache.derby.impl.sql.compile.FKConstraintDefinitionNode.bind(Unknown Source)
	at org.apache.derby.impl.sql.compile.TableElementList.validate(Unknown Source)
	at org.apache.derby.impl.sql.compile.CreateTableNode.bindStatement(Unknown Source)
	at org.apache.derby.impl.sql.GenericStatement.prepMinion(Unknown Source)
	at org.apache.derby.impl.sql.GenericStatement.prepare(Unknown Source)
	at org.apache.derby.impl.sql.conn.GenericLanguageConnectionContext.prepareInternalStatement(Unknown Source)
	at org.apache.derby.impl.jdbc.EmbedStatement.execute(Unknown Source)
	at org.apache.derby.impl.jdbc.EmbedStatement.executeLargeUpdate(Unknown Source)
	at org.apache.derby.impl.drda.DRDAConnThread.parseEXCSQLIMM(Unknown Source)
	at org.apache.derby.impl.drda.DRDAConnThread.processCommands(Unknown Source)
	at org.apache.derby.impl.drda.DRDAConnThread.run(Unknown Source)
Cleanup action completed
Sat Jan 14 00:22:44 CST 2017 Thread[DRDAConnThread_3,5,main] (XID = 40), (SESSIONID = 13), (DATABASE = D:/Ozamiz/projects/final/fromGIT/final-ims001/dbims001), (DRDAID = ????????.????-797135649720013593{7}), Cleanup action starting
Sat Jan 14 00:22:44 CST 2017 Thread[DRDAConnThread_3,5,main] (XID = 40), (SESSIONID = 13), (DATABASE = D:/Ozamiz/projects/final/fromGIT/final-ims001/dbims001), (DRDAID = ????????.????-797135649720013593{7}), Failed Statement is: CREATE TABLE ORDERS (ID VARCHAR(25) PRIMARY KEY,SUPPLIER VARCHAR(25) REFERENCES SUPPLIERS(CODE),TOTAL_AMOUNT DOUBLE,STATUS VARCHAR(25) DEFAULT 'PENDING',DATEADDED TIMESTAMP DEFAULT CURRENT_TIMESTAMP)
java.lang.NullPointerException
	at java.io.StringReader.<init>(StringReader.java:50)
	at org.apache.derby.impl.services.uuid.BasicUUID.<init>(Unknown Source)
	at org.apache.derby.impl.services.uuid.BasicUUIDFactory.recreateUUID(Unknown Source)
	at org.apache.derby.impl.sql.catalog.SYSTABLESRowFactory.buildDescriptorBody(Unknown Source)
	at org.apache.derby.impl.sql.catalog.SYSTABLESRowFactory.buildDescriptor(Unknown Source)
	at org.apache.derby.impl.sql.catalog.DataDictionaryImpl.getDescriptorViaIndexMinion(Unknown Source)
	at org.apache.derby.impl.sql.catalog.DataDictionaryImpl.getDescriptorViaIndex(Unknown Source)
	at org.apache.derby.impl.sql.catalog.DataDictionaryImpl.getTableDescriptorIndex1Scan(Unknown Source)
	at org.apache.derby.impl.sql.catalog.DataDictionaryImpl.getUncachedTableDescriptor(Unknown Source)
	at org.apache.derby.impl.sql.catalog.NameTDCacheable.setIdentity(Unknown Source)
	at org.apache.derby.impl.services.cache.ConcurrentCache.find(Unknown Source)
	at org.apache.derby.impl.sql.catalog.DataDictionaryImpl.getTableDescriptor(Unknown Source)
	at org.apache.derby.impl.sql.compile.QueryTreeNode.getTableDescriptor(Unknown Source)
	at org.apache.derby.impl.sql.compile.FKConstraintDefinitionNode.bind(Unknown Source)
	at org.apache.derby.impl.sql.compile.TableElementList.validate(Unknown Source)
	at org.apache.derby.impl.sql.compile.CreateTableNode.bindStatement(Unknown Source)
	at org.apache.derby.impl.sql.GenericStatement.prepMinion(Unknown Source)
	at org.apache.derby.impl.sql.GenericStatement.prepare(Unknown Source)
	at org.apache.derby.impl.sql.conn.GenericLanguageConnectionContext.prepareInternalStatement(Unknown Source)
	at org.apache.derby.impl.jdbc.EmbedStatement.execute(Unknown Source)
	at org.apache.derby.impl.jdbc.EmbedStatement.executeLargeUpdate(Unknown Source)
	at org.apache.derby.impl.drda.DRDAConnThread.parseEXCSQLIMM(Unknown Source)
	at org.apache.derby.impl.drda.DRDAConnThread.processCommands(Unknown Source)
	at org.apache.derby.impl.drda.DRDAConnThread.run(Unknown Source)
Cleanup action completed
----------------------------------------------------------------
Sat Jan 14 00:23:57 CST 2017:
Booting Derby version The Apache Software Foundation - Apache Derby - 10.11.1.2 - (1629631): instance 610e402f-0159-9891-9caf-fffffa028b47 
on database directory D:\Ozamiz\projects\final\fromGIT\final-ims001\dbims002 with class loader sun.misc.Launcher$AppClassLoader@5e2de80c 
Loaded from file:/C:/Program%20Files/Java/jdk1.8.0_73/db/lib/derby.jar
java.vendor=Oracle Corporation
java.runtime.version=1.8.0_73-b02
user.dir=C:\Program Files\Java\jdk1.8.0_73\db
os.name=Windows 10
os.arch=amd64
os.version=10.0
derby.system.home=D:\Ozamiz\projects\final\fromGIT\final-ims001
Database Class Loader started - derby.database.classpath=''
Sat Jan 14 00:24:09 CST 2017 Thread[DRDAConnThread_3,5,main] (XID = 43), (SESSIONID = 15), (DATABASE = D:/Ozamiz/projects/final/fromGIT/final-ims001/dbims001), (DRDAID = ????????.????-436566204553577501{9}), Cleanup action starting
Sat Jan 14 00:24:09 CST 2017 Thread[DRDAConnThread_3,5,main] (XID = 43), (SESSIONID = 15), (DATABASE = D:/Ozamiz/projects/final/fromGIT/final-ims001/dbims001), (DRDAID = ????????.????-436566204553577501{9}), Failed Statement is: CREATE TABLE ORDERS (ID VARCHAR(25) PRIMARY KEY,SUPPLIER VARCHAR(25) REFERENCES SUPPLIERS(CODE),TOTAL_AMOUNT DOUBLE,STATUS VARCHAR(25) DEFAULT 'PENDING',DATEADDED TIMESTAMP DEFAULT CURRENT_TIMESTAMP)
java.lang.NullPointerException
	at java.io.StringReader.<init>(StringReader.java:50)
	at org.apache.derby.impl.services.uuid.BasicUUID.<init>(Unknown Source)
	at org.apache.derby.impl.services.uuid.BasicUUIDFactory.recreateUUID(Unknown Source)
	at org.apache.derby.impl.sql.catalog.SYSTABLESRowFactory.buildDescriptorBody(Unknown Source)
	at org.apache.derby.impl.sql.catalog.SYSTABLESRowFactory.buildDescriptor(Unknown Source)
	at org.apache.derby.impl.sql.catalog.DataDictionaryImpl.getDescriptorViaIndexMinion(Unknown Source)
	at org.apache.derby.impl.sql.catalog.DataDictionaryImpl.getDescriptorViaIndex(Unknown Source)
	at org.apache.derby.impl.sql.catalog.DataDictionaryImpl.getTableDescriptorIndex1Scan(Unknown Source)
	at org.apache.derby.impl.sql.catalog.DataDictionaryImpl.getUncachedTableDescriptor(Unknown Source)
	at org.apache.derby.impl.sql.catalog.NameTDCacheable.setIdentity(Unknown Source)
	at org.apache.derby.impl.services.cache.ConcurrentCache.find(Unknown Source)
	at org.apache.derby.impl.sql.catalog.DataDictionaryImpl.getTableDescriptor(Unknown Source)
	at org.apache.derby.impl.sql.compile.QueryTreeNode.getTableDescriptor(Unknown Source)
	at org.apache.derby.impl.sql.compile.FKConstraintDefinitionNode.bind(Unknown Source)
	at org.apache.derby.impl.sql.compile.TableElementList.validate(Unknown Source)
	at org.apache.derby.impl.sql.compile.CreateTableNode.bindStatement(Unknown Source)
	at org.apache.derby.impl.sql.GenericStatement.prepMinion(Unknown Source)
	at org.apache.derby.impl.sql.GenericStatement.prepare(Unknown Source)
	at org.apache.derby.impl.sql.conn.GenericLanguageConnectionContext.prepareInternalStatement(Unknown Source)
	at org.apache.derby.impl.jdbc.EmbedStatement.execute(Unknown Source)
	at org.apache.derby.impl.jdbc.EmbedStatement.executeLargeUpdate(Unknown Source)
	at org.apache.derby.impl.drda.DRDAConnThread.parseEXCSQLIMM(Unknown Source)
	at org.apache.derby.impl.drda.DRDAConnThread.processCommands(Unknown Source)
	at org.apache.derby.impl.drda.DRDAConnThread.run(Unknown Source)
Cleanup action completed
----------------------------------------------------------------
Sat Jan 14 00:24:25 CST 2017:
Shutting down instance 610e402f-0159-9891-9caf-fffffa028b47 on database directory D:\Ozamiz\projects\final\fromGIT\final-ims001\dbims002 with class loader sun.misc.Launcher$AppClassLoader@5e2de80c 
Sat Jan 14 00:24:25 CST 2017 Thread[DRDAConnThread_3,5,main] (DATABASE = dbims002), (DRDAID = {10}), Database 'dbims002' shutdown.
----------------------------------------------------------------
Sat Jan 14 00:24:43 CST 2017:
Booting Derby version The Apache Software Foundation - Apache Derby - 10.11.1.2 - (1629631): instance bc9ec0ce-0159-9891-9caf-fffffa028b47 
on database directory D:\Ozamiz\projects\final\fromGIT\final-ims001\dbims002 with class loader sun.misc.Launcher$AppClassLoader@5e2de80c 
Loaded from file:/C:/Program%20Files/Java/jdk1.8.0_73/db/lib/derby.jar
java.vendor=Oracle Corporation
java.runtime.version=1.8.0_73-b02
user.dir=C:\Program Files\Java\jdk1.8.0_73\db
os.name=Windows 10
os.arch=amd64
os.version=10.0
derby.system.home=D:\Ozamiz\projects\final\fromGIT\final-ims001
Database Class Loader started - derby.database.classpath=''
Sat Jan 14 00:33:07 CST 2017 Thread[DRDAConnThread_3,5,main] (XID = 46), (SESSIONID = 17), (DATABASE = D:/Ozamiz/projects/final/fromGIT/final-ims001/dbims001), (DRDAID = ????????.????-4485302269559116328{12}), Cleanup action starting
Sat Jan 14 00:33:07 CST 2017 Thread[DRDAConnThread_3,5,main] (XID = 46), (SESSIONID = 17), (DATABASE = D:/Ozamiz/projects/final/fromGIT/final-ims001/dbims001), (DRDAID = ????????.????-4485302269559116328{12}), Failed Statement is: CREATE TABLE ORDERS (ID VARCHAR(25) PRIMARY KEY,SUPPLIER VARCHAR(25) REFERENCES SUPPLIERS(CODE),TOTAL_AMOUNT DOUBLE,STATUS VARCHAR(25) DEFAULT 'PENDING',DATEADDED TIMESTAMP DEFAULT CURRENT_TIMESTAMP)
java.lang.NullPointerException
	at java.io.StringReader.<init>(StringReader.java:50)
	at org.apache.derby.impl.services.uuid.BasicUUID.<init>(Unknown Source)
	at org.apache.derby.impl.services.uuid.BasicUUIDFactory.recreateUUID(Unknown Source)
	at org.apache.derby.impl.sql.catalog.SYSTABLESRowFactory.buildDescriptorBody(Unknown Source)
	at org.apache.derby.impl.sql.catalog.SYSTABLESRowFactory.buildDescriptor(Unknown Source)
	at org.apache.derby.impl.sql.catalog.DataDictionaryImpl.getDescriptorViaIndexMinion(Unknown Source)
	at org.apache.derby.impl.sql.catalog.DataDictionaryImpl.getDescriptorViaIndex(Unknown Source)
	at org.apache.derby.impl.sql.catalog.DataDictionaryImpl.getTableDescriptorIndex1Scan(Unknown Source)
	at org.apache.derby.impl.sql.catalog.DataDictionaryImpl.getUncachedTableDescriptor(Unknown Source)
	at org.apache.derby.impl.sql.catalog.NameTDCacheable.setIdentity(Unknown Source)
	at org.apache.derby.impl.services.cache.ConcurrentCache.find(Unknown Source)
	at org.apache.derby.impl.sql.catalog.DataDictionaryImpl.getTableDescriptor(Unknown Source)
	at org.apache.derby.impl.sql.compile.QueryTreeNode.getTableDescriptor(Unknown Source)
	at org.apache.derby.impl.sql.compile.FKConstraintDefinitionNode.bind(Unknown Source)
	at org.apache.derby.impl.sql.compile.TableElementList.validate(Unknown Source)
	at org.apache.derby.impl.sql.compile.CreateTableNode.bindStatement(Unknown Source)
	at org.apache.derby.impl.sql.GenericStatement.prepMinion(Unknown Source)
	at org.apache.derby.impl.sql.GenericStatement.prepare(Unknown Source)
	at org.apache.derby.impl.sql.conn.GenericLanguageConnectionContext.prepareInternalStatement(Unknown Source)
	at org.apache.derby.impl.jdbc.EmbedStatement.execute(Unknown Source)
	at org.apache.derby.impl.jdbc.EmbedStatement.executeLargeUpdate(Unknown Source)
	at org.apache.derby.impl.drda.DRDAConnThread.parseEXCSQLIMM(Unknown Source)
	at org.apache.derby.impl.drda.DRDAConnThread.processCommands(Unknown Source)
	at org.apache.derby.impl.drda.DRDAConnThread.run(Unknown Source)
Cleanup action completed
Sat Jan 14 00:33:11 CST 2017 Thread[DRDAConnThread_3,5,main] (XID = 49), (SESSIONID = 19), (DATABASE = D:/Ozamiz/projects/final/fromGIT/final-ims001/dbims001), (DRDAID = ????????.????-4413244675521184054{13}), Cleanup action starting
Sat Jan 14 00:33:11 CST 2017 Thread[DRDAConnThread_3,5,main] (XID = 49), (SESSIONID = 19), (DATABASE = D:/Ozamiz/projects/final/fromGIT/final-ims001/dbims001), (DRDAID = ????????.????-4413244675521184054{13}), Failed Statement is: CREATE TABLE ORDERS (ID VARCHAR(25) PRIMARY KEY,SUPPLIER VARCHAR(25) REFERENCES SUPPLIERS(CODE),TOTAL_AMOUNT DOUBLE,STATUS VARCHAR(25) DEFAULT 'PENDING',DATEADDED TIMESTAMP DEFAULT CURRENT_TIMESTAMP)
java.lang.NullPointerException
	at java.io.StringReader.<init>(StringReader.java:50)
	at org.apache.derby.impl.services.uuid.BasicUUID.<init>(Unknown Source)
	at org.apache.derby.impl.services.uuid.BasicUUIDFactory.recreateUUID(Unknown Source)
	at org.apache.derby.impl.sql.catalog.SYSTABLESRowFactory.buildDescriptorBody(Unknown Source)
	at org.apache.derby.impl.sql.catalog.SYSTABLESRowFactory.buildDescriptor(Unknown Source)
	at org.apache.derby.impl.sql.catalog.DataDictionaryImpl.getDescriptorViaIndexMinion(Unknown Source)
	at org.apache.derby.impl.sql.catalog.DataDictionaryImpl.getDescriptorViaIndex(Unknown Source)
	at org.apache.derby.impl.sql.catalog.DataDictionaryImpl.getTableDescriptorIndex1Scan(Unknown Source)
	at org.apache.derby.impl.sql.catalog.DataDictionaryImpl.getUncachedTableDescriptor(Unknown Source)
	at org.apache.derby.impl.sql.catalog.NameTDCacheable.setIdentity(Unknown Source)
	at org.apache.derby.impl.services.cache.ConcurrentCache.find(Unknown Source)
	at org.apache.derby.impl.sql.catalog.DataDictionaryImpl.getTableDescriptor(Unknown Source)
	at org.apache.derby.impl.sql.compile.QueryTreeNode.getTableDescriptor(Unknown Source)
	at org.apache.derby.impl.sql.compile.FKConstraintDefinitionNode.bind(Unknown Source)
	at org.apache.derby.impl.sql.compile.TableElementList.validate(Unknown Source)
	at org.apache.derby.impl.sql.compile.CreateTableNode.bindStatement(Unknown Source)
	at org.apache.derby.impl.sql.GenericStatement.prepMinion(Unknown Source)
	at org.apache.derby.impl.sql.GenericStatement.prepare(Unknown Source)
	at org.apache.derby.impl.sql.conn.GenericLanguageConnectionContext.prepareInternalStatement(Unknown Source)
	at org.apache.derby.impl.jdbc.EmbedStatement.execute(Unknown Source)
	at org.apache.derby.impl.jdbc.EmbedStatement.executeLargeUpdate(Unknown Source)
	at org.apache.derby.impl.drda.DRDAConnThread.parseEXCSQLIMM(Unknown Source)
	at org.apache.derby.impl.drda.DRDAConnThread.processCommands(Unknown Source)
	at org.apache.derby.impl.drda.DRDAConnThread.run(Unknown Source)
Cleanup action completed
Sat Jan 14 00:34:32 CST 2017 Thread[DRDAConnThread_3,5,main] (XID = 52), (SESSIONID = 21), (DATABASE = D:/Ozamiz/projects/final/fromGIT/final-ims001/dbims001), (DRDAID = ????????.????-4471509995700208499{14}), Cleanup action starting
Sat Jan 14 00:34:32 CST 2017 Thread[DRDAConnThread_3,5,main] (XID = 52), (SESSIONID = 21), (DATABASE = D:/Ozamiz/projects/final/fromGIT/final-ims001/dbims001), (DRDAID = ????????.????-4471509995700208499{14}), Failed Statement is: CREATE TABLE ORDERS (ID VARCHAR(25) PRIMARY KEY,SUPPLIER VARCHAR(25) REFERENCES SUPPLIERS(CODE),TOTAL_AMOUNT DOUBLE,STATUS VARCHAR(25) DEFAULT 'PENDING',DATEADDED TIMESTAMP DEFAULT CURRENT_TIMESTAMP)
java.lang.NullPointerException
	at java.io.StringReader.<init>(StringReader.java:50)
	at org.apache.derby.impl.services.uuid.BasicUUID.<init>(Unknown Source)
	at org.apache.derby.impl.services.uuid.BasicUUIDFactory.recreateUUID(Unknown Source)
	at org.apache.derby.impl.sql.catalog.SYSTABLESRowFactory.buildDescriptorBody(Unknown Source)
	at org.apache.derby.impl.sql.catalog.SYSTABLESRowFactory.buildDescriptor(Unknown Source)
	at org.apache.derby.impl.sql.catalog.DataDictionaryImpl.getDescriptorViaIndexMinion(Unknown Source)
	at org.apache.derby.impl.sql.catalog.DataDictionaryImpl.getDescriptorViaIndex(Unknown Source)
	at org.apache.derby.impl.sql.catalog.DataDictionaryImpl.getTableDescriptorIndex1Scan(Unknown Source)
	at org.apache.derby.impl.sql.catalog.DataDictionaryImpl.getUncachedTableDescriptor(Unknown Source)
	at org.apache.derby.impl.sql.catalog.NameTDCacheable.setIdentity(Unknown Source)
	at org.apache.derby.impl.services.cache.ConcurrentCache.find(Unknown Source)
	at org.apache.derby.impl.sql.catalog.DataDictionaryImpl.getTableDescriptor(Unknown Source)
	at org.apache.derby.impl.sql.compile.QueryTreeNode.getTableDescriptor(Unknown Source)
	at org.apache.derby.impl.sql.compile.FKConstraintDefinitionNode.bind(Unknown Source)
	at org.apache.derby.impl.sql.compile.TableElementList.validate(Unknown Source)
	at org.apache.derby.impl.sql.compile.CreateTableNode.bindStatement(Unknown Source)
	at org.apache.derby.impl.sql.GenericStatement.prepMinion(Unknown Source)
	at org.apache.derby.impl.sql.GenericStatement.prepare(Unknown Source)
	at org.apache.derby.impl.sql.conn.GenericLanguageConnectionContext.prepareInternalStatement(Unknown Source)
	at org.apache.derby.impl.jdbc.EmbedStatement.execute(Unknown Source)
	at org.apache.derby.impl.jdbc.EmbedStatement.executeLargeUpdate(Unknown Source)
	at org.apache.derby.impl.drda.DRDAConnThread.parseEXCSQLIMM(Unknown Source)
	at org.apache.derby.impl.drda.DRDAConnThread.processCommands(Unknown Source)
	at org.apache.derby.impl.drda.DRDAConnThread.run(Unknown Source)
Cleanup action completed
